<?xml version="1.0" encoding="UTF-8"?>
<!-- Generated by org.testng.reporters.JUnitReportReporter -->
<testsuite hostname="Swaroop-HP-Notebook" failures="0" tests="4" name="utilities.NewLoginTest" time="0.021" errors="0" timestamp="2023-03-07T22:49:04 AEDT" skipped="0">
  <testcase classname="utilities.NewLoginTest" name="testLogin" time="0.005"/>
  <system-out/>
  <testcase classname="utilities.NewLoginTest" name="testLogin" time="0.012"/>
  <system-out/>
  <testcase classname="utilities.NewLoginTest" name="testUserReg" time="0.002"/>
  <system-out/>
  <testcase classname="utilities.NewLoginTest" name="testUserReg" time="0.002"/>
  <system-out/>
</testsuite> <!-- utilities.NewLoginTest -->
