<?xml version="1.0" encoding="UTF-8"?>
<!-- Generated by org.testng.reporters.JUnitReportReporter -->
<testsuite hostname="swaroop-HP-Notebook" failures="0" tests="6" name="tcAndUtils.TestNGParameterizationExcel" time="0.051" errors="0" timestamp="2023-03-31T12:21:19 AEDT" skipped="0">
  <testcase classname="tcAndUtils.TestNGParameterizationExcel" name="testData" time="0.009"/>
  <system-out/>
  <testcase classname="tcAndUtils.TestNGParameterizationExcel" name="testData" time="0.002"/>
  <system-out/>
  <testcase classname="tcAndUtils.TestNGParameterizationExcel" name="testData" time="0.002"/>
  <system-out/>
  <testcase classname="tcAndUtils.TestNGParameterizationExcel" name="testData" time="0.001"/>
  <system-out/>
  <testcase classname="tcAndUtils.TestNGParameterizationExcel" name="testData" time="0.002"/>
  <system-out/>
  <testcase classname="tcAndUtils.TestNGParameterizationExcel" name="testData" time="0.035"/>
  <system-out/>
</testsuite> <!-- tcAndUtils.TestNGParameterizationExcel -->
