<?xml version="1.0" encoding="UTF-8"?>
<!-- Generated by org.testng.reporters.JUnitReportReporter -->
<testsuite hostname="Swaroop-HP-Notebook" failures="0" tests="2" name="utilities.DataProviders" time="0.016" errors="0" timestamp="2023-03-07T22:28:00 AEDT" skipped="0">
  <testcase classname="utilities.DataProviders" name="testData" time="0.002"/>
  <system-out/>
  <testcase classname="utilities.DataProviders" name="testData" time="0.014"/>
  <system-out/>
</testsuite> <!-- utilities.DataProviders -->
