<?xml version="1.0" encoding="UTF-8"?>
<!-- Generated by org.testng.reporters.JUnitReportReporter -->
<testsuite hostname="Swaroop-HP-Notebook" failures="0" tests="6" name="utilities.TestNGParameterizationExcel" time="0.024" errors="0" timestamp="2023-03-07T19:19:09 AEDT" skipped="0">
  <testcase classname="utilities.TestNGParameterizationExcel" name="testData" time="0.009"/>
  <system-out/>
  <testcase classname="utilities.TestNGParameterizationExcel" name="testData" time="0.007"/>
  <system-out/>
  <testcase classname="utilities.TestNGParameterizationExcel" name="testData" time="0.003"/>
  <system-out/>
  <testcase classname="utilities.TestNGParameterizationExcel" name="testData" time="0.002"/>
  <system-out/>
  <testcase classname="utilities.TestNGParameterizationExcel" name="testData" time="0.002"/>
  <system-out/>
  <testcase classname="utilities.TestNGParameterizationExcel" name="testData" time="0.001"/>
  <system-out/>
</testsuite> <!-- utilities.TestNGParameterizationExcel -->
