<?xml version="1.0" encoding="UTF-8"?>
<!-- Generated by org.testng.reporters.JUnitReportReporter -->
<testsuite hostname="swaroop-HP-Notebook" failures="0" tests="4" name="tcAndUtils.NewLoginTest" time="0.038" errors="0" timestamp="2023-03-31T12:22:33 AEDT" skipped="0">
  <testcase classname="tcAndUtils.NewLoginTest" name="testLogin" time="0.014"/>
  <system-out/>
  <testcase classname="tcAndUtils.NewLoginTest" name="testLogin" time="0.015"/>
  <system-out/>
  <testcase classname="tcAndUtils.NewLoginTest" name="testUserReg" time="0.002"/>
  <system-out/>
  <testcase classname="tcAndUtils.NewLoginTest" name="testUserReg" time="0.007"/>
  <system-out/>
</testsuite> <!-- tcAndUtils.NewLoginTest -->
